<?xml version="1.0" encoding="UTF-8"?>
<!-- Generated by org.testng.reporters.JUnitXMLReporter -->
<testsuite ignored="0" hostname="ThanhHa" failures="3" tests="9" name="main-suite-test1" time="0.017" errors="0" timestamp="2023-03-31T18:28:10 ICT">
  <testcase classname="MavenReport.TestClass" name="a1" time="0.001"/>
  <testcase classname="MavenReport.TestClass" name="a2" time="0.0">
    <failure type="org.testng.TestNGException" message="
Parameter &amp;apos;param&amp;apos; is required by @Test on method a2 but has not been marked @Optional or defined
in D:\esclip\PS20520_NGUYENTHANHHA_LAB7_TEST\src\MavenReport\main-suite.xml">
      <![CDATA[org.testng.TestNGException: 
Parameter 'param' is required by @Test on method a2 but has not been marked @Optional or defined
in D:\esclip\PS20520_NGUYENTHANHHA_LAB7_TEST\src\MavenReport\main-suite.xml
at java.base/java.util.ArrayList.forEach(ArrayList.java:1511)
... Removed 26 stack frames]]>
    </failure>
  </testcase> <!-- a2 -->
  <testcase classname="MavenReport.TestClass" name="a3" time="0.0"/>
  <testcase classname="MavenReport.TestClass1" name="t1" time="0.001">
    <failure type="junit.framework.AssertionFailedError">
      <![CDATA[junit.framework.AssertionFailedError
at junit.framework.Assert.fail(Assert.java:55)
at junit.framework.Assert.assertTrue(Assert.java:22)
at junit.framework.Assert.assertTrue(Assert.java:31)
at MavenReport.TestClass1.t1(TestClass1.java:14)
at java.base/java.util.ArrayList.forEach(ArrayList.java:1511)
... Removed 27 stack frames]]>
    </failure>
  </testcase> <!-- t1 -->
  <testcase classname="MavenReport.TestClass1" name="t2" time="0.0">
    <failure type="junit.framework.AssertionFailedError">
      <![CDATA[junit.framework.AssertionFailedError
at junit.framework.Assert.fail(Assert.java:55)
at junit.framework.Assert.assertTrue(Assert.java:22)
at junit.framework.Assert.assertTrue(Assert.java:31)
at MavenReport.TestClass1.t2(TestClass1.java:18)
at java.base/java.util.ArrayList.forEach(ArrayList.java:1511)
... Removed 27 stack frames]]>
    </failure>
  </testcase> <!-- t2 -->
  <testcase classname="MavenReport.TestClass1" name="t3" time="0.001"/>
  <testcase classname="MavenReport.TestClass1" name="t4" time="0.001"/>
  <testcase classname="MavenReport.TestClass1" name="t5" time="0.001"/>
  <testcase classname="MavenReport.TestClass1" name="t5" time="0.001"/>
</testsuite> <!-- main-suite-test1 -->
