<?xml version="1.0" encoding="UTF-8"?>
<!-- Generated by org.testng.reporters.JUnitXMLReporter -->
<testsuite ignored="0" hostname="ThanhHa" failures="3" tests="10" name="suite1-test1" time="0.175" errors="0" timestamp="2023-03-31T18:28:10 ICT">
  <testcase classname="MavenReport.TestClass1" name="t1" time="0.101">
    <failure type="junit.framework.AssertionFailedError">
      <![CDATA[junit.framework.AssertionFailedError
at junit.framework.Assert.fail(Assert.java:55)
at junit.framework.Assert.assertTrue(Assert.java:22)
at junit.framework.Assert.assertTrue(Assert.java:31)
at MavenReport.TestClass1.t1(TestClass1.java:14)
at java.base/java.util.ArrayList.forEach(ArrayList.java:1511)
... Removed 28 stack frames]]>
    </failure>
  </testcase> <!-- t1 -->
  <testcase classname="MavenReport.TestClass1" name="t2" time="0.001">
    <failure type="junit.framework.AssertionFailedError">
      <![CDATA[junit.framework.AssertionFailedError
at junit.framework.Assert.fail(Assert.java:55)
at junit.framework.Assert.assertTrue(Assert.java:22)
at junit.framework.Assert.assertTrue(Assert.java:31)
at MavenReport.TestClass1.t2(TestClass1.java:18)
at java.base/java.util.ArrayList.forEach(ArrayList.java:1511)
... Removed 28 stack frames]]>
    </failure>
  </testcase> <!-- t2 -->
  <testcase classname="MavenReport.TestClass1" name="t3" time="0.0"/>
  <testcase classname="MavenReport.TestClass1" name="t4" time="0.001"/>
  <testcase classname="MavenReport.TestClass1" name="t5" time="0.002"/>
  <testcase classname="MavenReport.TestClass1" name="t5" time="0.001"/>
  <testcase classname="MavenReport.TestClass2" name="c1" time="0.001"/>
  <testcase classname="MavenReport.TestClass2" name="c2" time="0.001"/>
  <testcase classname="MavenReport.TestClass2" name="c3" time="0.0"/>
  <testcase classname="MavenReport.TestClass2" name="c4" time="0.002">
    <failure type="graphql.AssertException" message="condition expected to be true">
      <![CDATA[graphql.AssertException: condition expected to be true
at graphql.Assert.assertTrue(Assert.java:85)
at MavenReport.TestClass2.c4(TestClass2.java:19)
at java.base/java.util.ArrayList.forEach(ArrayList.java:1511)
... Removed 28 stack frames]]>
    </failure>
  </testcase> <!-- c4 -->
</testsuite> <!-- suite1-test1 -->
