<?xml version="1.0" encoding="UTF-8"?>
<!-- Generated by org.testng.reporters.JUnitXMLReporter -->
<testsuite ignored="0" hostname="ThanhHa" failures="1" tests="4" name="suite1-test2" time="0.013" errors="0" timestamp="2023-03-31T18:28:10 ICT">
  <testcase classname="MavenReport.TestClass3" name="d1" time="0.001"/>
  <testcase classname="MavenReport.TestClass3" name="d2" time="0.001"/>
  <testcase classname="MavenReport.FactoryInstantiatedTestClass" name="FactoryInstantiatedTestClass- Reports" time="0.002">
    <failure type="graphql.AssertException" message="condition expected to be true">
      <![CDATA[graphql.AssertException: condition expected to be true
at graphql.Assert.assertTrue(Assert.java:85)
at MavenReport.FactoryInstantiatedTestClass.f(FactoryInstantiatedTestClass.java:20)
at java.base/java.util.ArrayList.forEach(ArrayList.java:1511)
... Removed 28 stack frames]]>
    </failure>
  </testcase> <!-- FactoryInstantiatedTestClass- Reports -->
  <testcase classname="MavenReport.FactoryInstantiatedTestClass" name="FactoryInstantiatedTestClass- TestNG" time="0.002"/>
</testsuite> <!-- suite1-test2 -->
