<!DOCTYPE html PUBLIC "-//W3C//DTD XHTML 1.1//EN" "https://www.w3.org/TR/xhtml11/DTD/xhtml11.dtd">
<html xmlns="https://www.w3.org/1999/xhtml">
<head>
<meta http-equiv="content-type" content="text/html; charset=UTF-8"/>
<title>TestNG Report</title>
<style type="text/css">table {margin-bottom:10px;border-collapse:collapse;empty-cells:show}th,td {border:1px solid #009;padding:.25em .5em}th {vertical-align:bottom}td {vertical-align:top}table a {font-weight:bold}.stripe td {background-color: #E6EBF9}.num {text-align:right}.passedodd td {background-color: #3F3}.passedeven td {background-color: #0A0}.skippedodd td {background-color: #DDD}.skippedeven td {background-color: #CCC}.failedodd td,.attn {background-color: #F33}.failedeven td,.stripe .attn {background-color: #D00}.stacktrace {white-space:pre;font-family:monospace}.totop {font-size:85%;text-align:center;border-bottom:2px solid #000}.invisible {display:none}</style>
</head>
<body>
<table>
<tr><th>Test</th><th># Passed</th><th># Skipped</th><th># Retried</th><th># Failed</th><th>Time (ms)</th><th>Included Groups</th><th>Excluded Groups</th></tr>
<tr><th colspan="8">main-suite</th></tr>
<tr><td><a href="#t0">main-suite-test1</a></td><td class="num">6</td><td class="num">0</td><td class="num">0</td><td class="num attn">3</td><td class="num">17</td><td></td><td></td></tr>
<tr><th colspan="8">suite2</th></tr>
<tr class="stripe"><td><a href="#t1">suite2-test1</a></td><td class="num">2</td><td class="num">0</td><td class="num">0</td><td class="num">0</td><td class="num">4</td><td></td><td></td></tr>
<tr><th colspan="8">suite1</th></tr>
<tr><td><a href="#t2">suite1-test1</a></td><td class="num">7</td><td class="num">0</td><td class="num">0</td><td class="num attn">3</td><td class="num">175</td><td></td><td></td></tr>
<tr class="stripe"><td><a href="#t3">suite1-test2</a></td><td class="num">3</td><td class="num">0</td><td class="num">0</td><td class="num attn">1</td><td class="num">13</td><td></td><td></td></tr>
<tr><th>Total</th><th class="num">18</th><th class="num">0</th><th class="num">0</th><th class="num attn">7</th><th class="num">209</th><th colspan="2"></th></tr>
</table>
<table id='summary'><thead><tr><th>Class</th><th>Method</th><th>Start</th><th>Time (ms)</th></tr></thead><tbody><tr><th colspan="4">main-suite</th></tr></tbody><tbody id="t0"><tr><th colspan="4">main-suite-test1 &#8212; failed</th></tr><tr class="failedeven"><td rowspan="1">MavenReport.TestClass</td><td><a href="#m0">a2</a></td><td rowspan="1">1680262090641</td><td rowspan="1">0</td></tr><tr class="failedodd"><td rowspan="2">MavenReport.TestClass1</td><td><a href="#m1">t1</a></td><td rowspan="1">1680262090643</td><td rowspan="1">1</td></tr><tr class="failedodd"><td><a href="#m2">t2</a></td><td rowspan="1">1680262090645</td><td rowspan="1">0</td></tr><tr><th colspan="4">main-suite-test1 &#8212; passed</th></tr><tr class="passedeven"><td rowspan="2">MavenReport.TestClass</td><td><a href="#m3">a1</a></td><td rowspan="1">1680262090638</td><td rowspan="1">1</td></tr><tr class="passedeven"><td><a href="#m4">a3</a></td><td rowspan="1">1680262090642</td><td rowspan="1">0</td></tr><tr class="passedodd"><td rowspan="4">MavenReport.TestClass1</td><td><a href="#m5">t3</a></td><td rowspan="1">1680262090647</td><td rowspan="1">1</td></tr><tr class="passedodd"><td><a href="#m6">t4</a></td><td rowspan="1">1680262090649</td><td rowspan="1">1</td></tr><tr class="passedodd"><td><a href="#m7">t5</a></td><td rowspan="2">1680262090651</td><td rowspan="2">1</td></tr><tr class="passedodd"><td><a href="#m8">t5</a></td></tr></tbody>
<tbody><tr><th colspan="4">suite2</th></tr></tbody><tbody id="t1"><tr><th colspan="4">suite2-test1 &#8212; passed</th></tr><tr class="passedeven"><td rowspan="2">MavenReport.TestClass4</td><td><a href="#m9">e1</a></td><td rowspan="1">1680262090629</td><td rowspan="1">0</td></tr><tr class="passedeven"><td><a href="#m10">e2</a></td><td rowspan="1">1680262090630</td><td rowspan="1">2</td></tr></tbody>
<tbody><tr><th colspan="4">suite1</th></tr></tbody><tbody id="t2"><tr><th colspan="4">suite1-test1 &#8212; failed</th></tr><tr class="failedeven"><td rowspan="2">MavenReport.TestClass1</td><td><a href="#m11">t1</a></td><td rowspan="1">1680262090382</td><td rowspan="1">101</td></tr><tr class="failedeven"><td><a href="#m12">t2</a></td><td rowspan="1">1680262090489</td><td rowspan="1">1</td></tr><tr class="failedodd"><td rowspan="1">MavenReport.TestClass2</td><td><a href="#m13">c4</a></td><td rowspan="1">1680262090509</td><td rowspan="1">2</td></tr><tr><th colspan="4">suite1-test1 &#8212; passed</th></tr><tr class="passedeven"><td rowspan="4">MavenReport.TestClass1</td><td><a href="#m14">t3</a></td><td rowspan="1">1680262090492</td><td rowspan="1">0</td></tr><tr class="passedeven"><td><a href="#m15">t4</a></td><td rowspan="1">1680262090493</td><td rowspan="1">1</td></tr><tr class="passedeven"><td><a href="#m16">t5</a></td><td rowspan="2">1680262090500</td><td rowspan="2">1</td></tr><tr class="passedeven"><td><a href="#m17">t5</a></td></tr><tr class="passedodd"><td rowspan="3">MavenReport.TestClass2</td><td><a href="#m18">c1</a></td><td rowspan="1">1680262090504</td><td rowspan="1">1</td></tr><tr class="passedodd"><td><a href="#m19">c2</a></td><td rowspan="1">1680262090506</td><td rowspan="1">1</td></tr><tr class="passedodd"><td><a href="#m20">c3</a></td><td rowspan="1">1680262090508</td><td rowspan="1">0</td></tr></tbody>
<tbody id="t3"><tr><th colspan="4">suite1-test2 &#8212; failed</th></tr><tr class="failedeven"><td rowspan="1">MavenReport.FactoryInstantiatedTestClass</td><td><a href="#m21">f</a></td><td rowspan="1">1680262090613</td><td rowspan="1">2</td></tr><tr><th colspan="4">suite1-test2 &#8212; passed</th></tr><tr class="passedeven"><td rowspan="1">MavenReport.FactoryInstantiatedTestClass</td><td><a href="#m22">f</a></td><td rowspan="1">1680262090618</td><td rowspan="1">2</td></tr><tr class="passedodd"><td rowspan="2">MavenReport.TestClass3</td><td><a href="#m23">d1</a></td><td rowspan="1">1680262090609</td><td rowspan="1">1</td></tr><tr class="passedodd"><td><a href="#m24">d2</a></td><td rowspan="1">1680262090610</td><td rowspan="1">1</td></tr></tbody>
</table>
<h2>main-suite-test1</h2><h3 id="m0">MavenReport.TestClass#a2</h3><table class="result"><tr><th>Exception</th></tr><tr><td><div class="stacktrace">org.testng.TestNGException: 
Parameter &apos;param&apos; is required by @Test on method a2 but has not been marked @Optional or defined
in D:\esclip\PS20520_NGUYENTHANHHA_LAB7_TEST\src\MavenReport\main-suite.xml
	at java.base/java.util.ArrayList.forEach(ArrayList.java:1511)
... Removed 26 stack frames</div></td></tr></table><p class="totop"><a href="#summary">back to summary</a></p>
<h3 id="m1">MavenReport.TestClass1#t1</h3><table class="result"><tr><th>Exception</th></tr><tr><td><div class="stacktrace">junit.framework.AssertionFailedError
	at junit.framework.Assert.fail(Assert.java:55)
	at junit.framework.Assert.assertTrue(Assert.java:22)
	at junit.framework.Assert.assertTrue(Assert.java:31)
	at MavenReport.TestClass1.t1(TestClass1.java:14)
	at java.base/java.util.ArrayList.forEach(ArrayList.java:1511)
... Removed 27 stack frames</div></td></tr></table><p class="totop"><a href="#summary">back to summary</a></p>
<h3 id="m2">MavenReport.TestClass1#t2</h3><table class="result"><tr><th>Exception</th></tr><tr><td><div class="stacktrace">junit.framework.AssertionFailedError
	at junit.framework.Assert.fail(Assert.java:55)
	at junit.framework.Assert.assertTrue(Assert.java:22)
	at junit.framework.Assert.assertTrue(Assert.java:31)
	at MavenReport.TestClass1.t2(TestClass1.java:18)
	at java.base/java.util.ArrayList.forEach(ArrayList.java:1511)
... Removed 27 stack frames</div></td></tr></table><p class="totop"><a href="#summary">back to summary</a></p>
<h3 id="m3">MavenReport.TestClass#a1</h3><table class="result"><tr><th class="invisible"/></tr></table><p class="totop"><a href="#summary">back to summary</a></p>
<h3 id="m4">MavenReport.TestClass#a3</h3><table class="result"><tr><th class="invisible"/></tr></table><p class="totop"><a href="#summary">back to summary</a></p>
<h3 id="m5">MavenReport.TestClass1#t3</h3><table class="result"><tr><th class="invisible"/></tr></table><p class="totop"><a href="#summary">back to summary</a></p>
<h3 id="m6">MavenReport.TestClass1#t4</h3><table class="result"><tr><th class="invisible"/></tr></table><p class="totop"><a href="#summary">back to summary</a></p>
<h3 id="m7">MavenReport.TestClass1#t5</h3><table class="result"><tr class="param"><th>Parameter #1</th></tr><tr class="param stripe"><td>one</td></tr></table><p class="totop"><a href="#summary">back to summary</a></p>
<h3 id="m8">MavenReport.TestClass1#t5</h3><table class="result"><tr class="param"><th>Parameter #1</th></tr><tr class="param stripe"><td>two</td></tr></table><p class="totop"><a href="#summary">back to summary</a></p>
<h2>suite2-test1</h2><h3 id="m9">MavenReport.TestClass4#e1</h3><table class="result"><tr><th class="invisible"/></tr></table><p class="totop"><a href="#summary">back to summary</a></p>
<h3 id="m10">MavenReport.TestClass4#e2</h3><table class="result"><tr><th>Messages</th></tr><tr><td><div class="messages">Method name is e2</div></td></tr></table><p class="totop"><a href="#summary">back to summary</a></p>
<h2>suite1-test1</h2><h3 id="m11">MavenReport.TestClass1#t1</h3><table class="result"><tr><th>Exception</th></tr><tr><td><div class="stacktrace">junit.framework.AssertionFailedError
	at junit.framework.Assert.fail(Assert.java:55)
	at junit.framework.Assert.assertTrue(Assert.java:22)
	at junit.framework.Assert.assertTrue(Assert.java:31)
	at MavenReport.TestClass1.t1(TestClass1.java:14)
	at java.base/java.util.ArrayList.forEach(ArrayList.java:1511)
... Removed 28 stack frames</div></td></tr></table><p class="totop"><a href="#summary">back to summary</a></p>
<h3 id="m12">MavenReport.TestClass1#t2</h3><table class="result"><tr><th>Exception</th></tr><tr><td><div class="stacktrace">junit.framework.AssertionFailedError
	at junit.framework.Assert.fail(Assert.java:55)
	at junit.framework.Assert.assertTrue(Assert.java:22)
	at junit.framework.Assert.assertTrue(Assert.java:31)
	at MavenReport.TestClass1.t2(TestClass1.java:18)
	at java.base/java.util.ArrayList.forEach(ArrayList.java:1511)
... Removed 28 stack frames</div></td></tr></table><p class="totop"><a href="#summary">back to summary</a></p>
<h3 id="m13">MavenReport.TestClass2#c4</h3><table class="result"><tr><th>Exception</th></tr><tr><td><div class="stacktrace">graphql.AssertException: condition expected to be true
	at graphql.Assert.assertTrue(Assert.java:85)
	at MavenReport.TestClass2.c4(TestClass2.java:19)
	at java.base/java.util.ArrayList.forEach(ArrayList.java:1511)
... Removed 28 stack frames</div></td></tr></table><p class="totop"><a href="#summary">back to summary</a></p>
<h3 id="m14">MavenReport.TestClass1#t3</h3><table class="result"><tr><th class="invisible"/></tr></table><p class="totop"><a href="#summary">back to summary</a></p>
<h3 id="m15">MavenReport.TestClass1#t4</h3><table class="result"><tr><th class="invisible"/></tr></table><p class="totop"><a href="#summary">back to summary</a></p>
<h3 id="m16">MavenReport.TestClass1#t5</h3><table class="result"><tr class="param"><th>Parameter #1</th></tr><tr class="param stripe"><td>two</td></tr></table><p class="totop"><a href="#summary">back to summary</a></p>
<h3 id="m17">MavenReport.TestClass1#t5</h3><table class="result"><tr class="param"><th>Parameter #1</th></tr><tr class="param stripe"><td>one</td></tr></table><p class="totop"><a href="#summary">back to summary</a></p>
<h3 id="m18">MavenReport.TestClass2#c1</h3><table class="result"><tr><th class="invisible"/></tr></table><p class="totop"><a href="#summary">back to summary</a></p>
<h3 id="m19">MavenReport.TestClass2#c2</h3><table class="result"><tr><th class="invisible"/></tr></table><p class="totop"><a href="#summary">back to summary</a></p>
<h3 id="m20">MavenReport.TestClass2#c3</h3><table class="result"><tr><th class="invisible"/></tr></table><p class="totop"><a href="#summary">back to summary</a></p>
<h2>suite1-test2</h2><h3 id="m21">MavenReport.FactoryInstantiatedTestClass#f</h3><table class="result"><tr><th>Exception</th></tr><tr><td><div class="stacktrace">graphql.AssertException: condition expected to be true
	at graphql.Assert.assertTrue(Assert.java:85)
	at MavenReport.FactoryInstantiatedTestClass.f(FactoryInstantiatedTestClass.java:20)
	at java.base/java.util.ArrayList.forEach(ArrayList.java:1511)
... Removed 28 stack frames</div></td></tr></table><p class="totop"><a href="#summary">back to summary</a></p>
<h3 id="m22">MavenReport.FactoryInstantiatedTestClass#f</h3><table class="result"><tr><th class="invisible"/></tr></table><p class="totop"><a href="#summary">back to summary</a></p>
<h3 id="m23">MavenReport.TestClass3#d1</h3><table class="result"><tr><th class="invisible"/></tr></table><p class="totop"><a href="#summary">back to summary</a></p>
<h3 id="m24">MavenReport.TestClass3#d2</h3><table class="result"><tr><th class="invisible"/></tr></table><p class="totop"><a href="#summary">back to summary</a></p>
</body>
</html>
