<?xml version="1.0" encoding="UTF-8"?>
<!-- Generated by org.testng.reporters.JUnitXMLReporter -->
<testsuite ignored="0" hostname="ThanhHa" failures="3" tests="3" name="SaveTestNGResultToExcel" time="0.097" errors="0" timestamp="2023-04-02T00:23:43 ICT">
  <testcase classname="fpoly.SaveTestNGResultToExcel" name="@AfterClass suiteTearDown" time="0.017">
    <failure type="java.lang.NullPointerException" message="Cannot invoke &amp;quot;org.openqa.selenium.WebDriver.close()&amp;quot; because &amp;quot;this.driver&amp;quot; is null">
      <![CDATA[java.lang.NullPointerException: Cannot invoke "org.openqa.selenium.WebDriver.close()" because "this.driver" is null
at fpoly.SaveTestNGResultToExcel.suiteTearDown(SaveTestNGResultToExcel.java:132)
at java.base/java.util.ArrayList.forEach(ArrayList.java:1511)
... Removed 25 stack frames]]>
    </failure>
  </testcase> <!-- @AfterClass suiteTearDown -->
  <testcase classname="fpoly.SaveTestNGResultToExcel" name="LaunchWebsite" time="0.003">
    <failure type="graphql.AssertException" message="condition expected to be true">
      <![CDATA[graphql.AssertException: condition expected to be true
at graphql.Assert.assertTrue(Assert.java:85)
at fpoly.SaveTestNGResultToExcel.LaunchWebsite(SaveTestNGResultToExcel.java:46)
at java.base/java.util.ArrayList.forEach(ArrayList.java:1511)
... Removed 27 stack frames]]>
    </failure>
  </testcase> <!-- LaunchWebsite -->
  <testcase classname="fpoly.SaveTestNGResultToExcel" name="FillLoginDetails" time="0.002">
    <failure type="graphql.AssertException" message="condition expected to be true">
      <![CDATA[graphql.AssertException: condition expected to be true
at graphql.Assert.assertTrue(Assert.java:85)
at fpoly.SaveTestNGResultToExcel.FillLoginDetails(SaveTestNGResultToExcel.java:62)
at java.base/java.util.ArrayList.forEach(ArrayList.java:1511)
... Removed 27 stack frames]]>
    </failure>
  </testcase> <!-- FillLoginDetails -->
  <testcase classname="fpoly.SaveTestNGResultToExcel" name="DoLogin" time="0.001">
    <failure type="graphql.AssertException" message="condition expected to be true">
      <![CDATA[graphql.AssertException: condition expected to be true
at graphql.Assert.assertTrue(Assert.java:85)
at fpoly.SaveTestNGResultToExcel.DoLogin(SaveTestNGResultToExcel.java:78)
at java.base/java.util.ArrayList.forEach(ArrayList.java:1511)
... Removed 27 stack frames]]>
    </failure>
  </testcase> <!-- DoLogin -->
</testsuite> <!-- SaveTestNGResultToExcel -->
